<?xml version="1.0" encoding="UTF-8"?>
<!DOCTYPE data [
<!ENTITY e1 "0123456789" > ] >
<sv:node sv:name="test" xmlns:sv="http://www.jcp.org/jcr/sv/1.0" xmlns:xsi="http://www.w3.org/2001/XMLSchema-instance">
  <sv:property sv:name="jcr:primaryType" sv:type="Name">
    <sv:value>mgnl:content</sv:value>
  </sv:property>
  <sv:property sv:name="jcr:mixinTypes" sv:type="Name">
    <sv:value>mix:lockable</sv:value>
  </sv:property>
  <sv:property sv:name="jcr:uuid" sv:type="String">
    <sv:value>8cd2e050-345c-4dd3-be2c-27249c8c94bc</sv:value>
  </sv:property>
  <sv:node sv:name="MetaData">
    <sv:property sv:name="jcr:primaryType" sv:type="Name">
      <sv:value>mgnl:metaData</sv:value>
    </sv:property>
    <sv:property sv:name="mgnl:authorid" sv:type="String">
      <sv:value>superuser</sv:value>
    </sv:property>
    <sv:property sv:name="mgnl:creationdate" sv:type="Date">
      <sv:value>2011-09-20T09:20:50.660+02:00</sv:value>
    </sv:property>
    <sv:property sv:name="mgnl:lastmodified" sv:type="Date">
      <sv:value>2011-09-20T09:20:53.971+02:00</sv:value>
    </sv:property>
    <sv:property sv:name="mgnl:template" sv:type="String">
      <sv:value>stkHome</sv:value>
    </sv:property>
  </sv:node>
</sv:node>
