<!-- don't reformat this document! the wrong formatting is needed for tests -->
<sv:node sv:name="help" xmlns:jcr="http://www.jcp.org/jcr/1.0" xmlns:mgnl="http://www.magnolia.info/jcr/mgnl"
  xmlns:rep="internal" xmlns:mix="http://www.jcp.org/jcr/mix/1.0" xmlns:nt="http://www.jcp.org/jcr/nt/1.0"
  xmlns:xsi="http://www.w3.org/2001/XMLSchema-instance" xmlns:fn="http://www.w3.org/2005/xpath-functions"
  xmlns:xs="http://www.w3.org/2001/XMLSchema" xmlns:sv="http://www.jcp.org/jcr/sv/1.0" xmlns:removeme="http://none"
  xmlns:fn_old="http://www.w3.org/2004/10/xpath-functions" xmlns:jcrfn="http://www.jcp.org/jcr/xpath-functions/1.0">
  <sv:property sv:name="jcr:isCheckedOut" sv:type="Boolean">
    <sv:value>true</sv:value>
  </sv:property>
</sv:node>

