<?xml version="1.0" encoding="UTF-8"?>
<sv:node sv:name="Test" xmlns:jcr="http://www.jcp.org/jcr/1.0" xmlns:mgnl="http://www.magnolia.info/jcr/mgnl"
  xmlns:rep="internal" xmlns:mix="http://www.jcp.org/jcr/mix/1.0" xmlns:nt="http://www.jcp.org/jcr/nt/1.0"
  xmlns:fn="http://www.w3.org/2005/xpath-functions" xmlns:xs="http://www.w3.org/2001/XMLSchema"
  xmlns:fn_old="http://www.w3.org/2004/10/xpath-functions" xmlns:sv="http://www.jcp.org/jcr/sv/1.0" xmlns:jcrfn="http://www.jcp.org/jcr/xpath-functions/1.0">
  <sv:property sv:name="jcr:primaryType" sv:type="Name">
    <sv:value>mgnl:content</sv:value>
  </sv:property>
  <sv:property sv:name="jcr:mixinTypes" sv:type="Name">
    <sv:value>mix:lockable</sv:value>
  </sv:property>
  <sv:property sv:name="jcr:uuid" sv:type="String">
    <sv:value>244d8eeb-c9bc-46e2-8efb-79f8729f512c</sv:value>
  </sv:property>
  <sv:property sv:name="jcr:created" sv:type="Date">
    <sv:value>2009-03-09T12:20:25.822+01:00</sv:value>
  </sv:property>
  <sv:property sv:name="title" sv:type="String">
    <sv:value>test</sv:value>
  </sv:property>
  <sv:property sv:name="type" sv:type="String">
    <sv:value>folder</sv:value>
  </sv:property>
  <sv:node sv:name="MetaData">
    <sv:property sv:name="jcr:primaryType" sv:type="Name">
      <sv:value>mgnl:metaData</sv:value>
    </sv:property>
    <sv:property sv:name="jcr:created" sv:type="Date">
      <sv:value>2009-03-09T12:20:25.822+01:00</sv:value>
    </sv:property>
    <sv:property sv:name="mgnl:authorid" sv:type="String">
      <sv:value>superuser</sv:value>
    </sv:property>
    <sv:property sv:name="mgnl:creationdate" sv:type="Date">
      <sv:value>2009-03-09T12:20:25.827+01:00</sv:value>
    </sv:property>
    <sv:property sv:name="mgnl:lastmodified" sv:type="Date">
      <sv:value>2009-03-09T12:20:45.232+01:00</sv:value>
    </sv:property>
  </sv:node>
</sv:node>
<?xml version="1.0" encoding="UTF-8"?>
<sv:node sv:name="Test" xmlns:jcr="http://www.jcp.org/jcr/1.0" xmlns:mgnl="http://www.magnolia.info/jcr/mgnl"
  xmlns:rep="internal" xmlns:mix="http://www.jcp.org/jcr/mix/1.0" xmlns:nt="http://www.jcp.org/jcr/nt/1.0"
  xmlns:fn="http://www.w3.org/2005/xpath-functions" xmlns:xs="http://www.w3.org/2001/XMLSchema"
  xmlns:fn_old="http://www.w3.org/2004/10/xpath-functions" xmlns:sv="http://www.jcp.org/jcr/sv/1.0" xmlns:jcrfn="http://www.jcp.org/jcr/xpath-functions/1.0">
  <sv:property sv:name="jcr:primaryType" sv:type="Name">
    <sv:value>mgnl:content</sv:value>
  </sv:property>
  <sv:property sv:name="jcr:mixinTypes" sv:type="Name">
    <sv:value>mix:lockable</sv:value>
  </sv:property>
  <sv:property sv:name="jcr:uuid" sv:type="String">
    <sv:value>244d8eeb-c9bc-46e2-8efb-79f8729f512c</sv:value>
  </sv:property>
  <sv:property sv:name="jcr:created" sv:type="Date">
    <sv:value>2009-03-09T12:20:25.822+01:00</sv:value>
  </sv:property>
  <sv:property sv:name="title" sv:type="String">
    <sv:value>test</sv:value>
  </sv:property>
  <sv:property sv:name="type" sv:type="String">
    <sv:value>folder</sv:value>
  </sv:property>
  <sv:node sv:name="MetaData">
    <sv:property sv:name="jcr:primaryType" sv:type="Name">
      <sv:value>mgnl:metaData</sv:value>
    </sv:property>
    <sv:property sv:name="jcr:created" sv:type="Date">
      <sv:value>2009-03-09T12:20:25.822+01:00</sv:value>
    </sv:property>
    <sv:property sv:name="mgnl:authorid" sv:type="String">
      <sv:value>superuser</sv:value>
    </sv:property>
    <sv:property sv:name="mgnl:creationdate" sv:type="Date">
      <sv:value>2009-03-09T12:20:25.827+01:00</sv:value>
    </sv:property>
    <sv:property sv:name="mgnl:lastmodified" sv:type="Date">
      <sv:value>2009-03-09T12:20:45.232+01:00</sv:value>
    </sv:property>
  </sv:node>
</sv:node>
