<!-- don't reformat this document! the wrong formatting is needed for tests -->
<sv:node sv:name="help" xmlns:jcr="http://www.jcp.org/jcr/1.0"
  xmlns:mgnl="http://www.magnolia.info/jcr/mgnl"
  xmlns:mix="http://www.jcp.org/jcr/mix/1.0" xmlns:rep="internal"
  xmlns:nt="http://www.jcp.org/jcr/nt/1.0"
  xmlns:xs="http://www.w3.org/2001/XMLSchema"
  xmlns:fn="http://www.w3.org/2004/10/xpath-functions"
  xmlns:sv="http://www.jcp.org/jcr/sv/1.0"
  xmlns:jcrfn="http://www.jcp.org/jcr/xpath-functions/1.0" xmlns="">
        <sv:property sv:name="jcr:primaryType" sv:type="Name"><sv:value>mgnl:content</sv:value></sv:property><sv:property sv:name="jcr:mixinTypes" sv:type="Name"><sv:value>mix:versionable</sv:value></sv:property>
        <sv:property sv:name="jcr:uuid" sv:type="String"><sv:value>b64f3db3-6b91-45a9-a7e2-39be7f939320</sv:value></sv:property>
  <sv:property sv:name="jcr:isCheckedOut" sv:type="Boolean">
    <sv:value>true</sv:value>
  </sv:property>
  <sv:property sv:name="headerImageAlt" sv:type="String">
    <sv:value>Magnolia CMS</sv:value></sv:property>
  <sv:property sv:name="hideInNav" sv:type="String">
    <sv:value>false</sv:value>
  </sv:property>
  <sv:property sv:name="jcr:created" sv:type="Date">
    <sv:value>2006-05-11T14:48:51.414+02:00</sv:value>
  </sv:property>
  <sv:property sv:name="title" sv:type="String">
    <sv:value>Help</sv:value>
  </sv:property><sv:property sv:name="footerText" sv:type="String">
      <sv:value>
      
        &lt;center&gt;&lt;a href="http://www.magnolia.info" 
      
      
      target="_blank"&gt;Magnolia International Ltd.&lt;/a&gt;  Maiengasse 30, 4056 Basel, Switzerland&#xd; Tel +41 61 228 9000 (9AM-5PM GMT+1) &lt;a href="mailto:info@magnolia.info"&gt;info@magnolia.info&lt;/a&gt;&lt;/center&gt;&#xd;

      this is a TAB:	|	|	|


&lt;br /&gt;

</sv:value>
    </sv:property>
</sv:node>
