<?xml version="1.0" encoding="UTF-8"?>
<sv:node sv:name="news" xmlns:sv="http://www.jcp.org/jcr/sv/1.0" xmlns:xsi="http://www.w3.org/2001/XMLSchema-instance">
  <sv:property sv:name="jcr:primaryType" sv:type="Name">
    <sv:value>mgnl:content</sv:value>
  </sv:property>
  <sv:property sv:name="jcr:mixinTypes" sv:type="Name">
    <sv:value>mix:lockable</sv:value>
  </sv:property>
  <sv:property sv:name="jcr:uuid" sv:type="String">
    <sv:value>c8d18739-1c08-4e48-8993-25f05ee18f59</sv:value>
  </sv:property>
  <sv:node sv:name="MetaData">
    <sv:property sv:name="jcr:primaryType" sv:type="Name">
      <sv:value>mgnl:metaData</sv:value>
    </sv:property>
    <sv:property sv:name="mgnl:authorid" sv:type="String">
      <sv:value>superuser</sv:value>
    </sv:property>
    <sv:property sv:name="mgnl:creationdate" sv:type="Date">
      <sv:value>2011-11-07T11:24:52.885+01:00</sv:value>
    </sv:property>
    <sv:property sv:name="mgnl:lastmodified" sv:type="Date">
      <sv:value>2011-11-07T15:52:53.706+01:00</sv:value>
    </sv:property>
    <sv:property sv:name="mgnl:template" sv:type="String">
      <sv:value>newsTemplate</sv:value>
    </sv:property>
  </sv:node>
</sv:node>