<?xml version="1.0" encoding="UTF-8"?>
<components>
  <id>main</id>
  <component>
    <type>info.magnolia.objectfactory.configuration.ComponentProviderConfigurationBuilderTest$SimpleComponent</type>
    <path>/foo/bar/component</path>
  </component>
</components>