<?xml version="1.0" encoding="UTF-8"?>
<components>
  <id>main</id>
  <component>
    <type>info.magnolia.objectfactory.configuration.ComponentProviderConfigurationBuilderTest$SimpleComponentWithProperty</type>
    <path>/foo/bar/componentWithProperty</path>
    <observed>true</observed>
  </component>
</components>
