<?xml version="1.0" encoding="UTF-8"?>
<components>
  <id>main</id>
  <component>
    <type>info.magnolia.objectfactory.configuration.ComponentProviderConfigurationBuilderTest$SimpleComponent</type>
    <provider>info.magnolia.objectfactory.configuration.ComponentProviderConfigurationBuilderTest$SimpleComponentProvider</provider>
  </component>
</components>